<?xml version="1.0" encoding="UTF-8"?>
<!-- Generated by org.testng.reporters.JUnitXMLReporter -->
<testsuite ignored="0" hostname="DESKTOP-ULR8FLU" failures="5" tests="5" name="ChromeBrowserTest" time="12.062" errors="0" timestamp="2023-11-21T00:11:03 IST">
  <testcase classname="io.cucumber.testng.AbstractTestNGCucumberTests" name="runScenario" time="2.752">
    <failure type="java.lang.NullPointerException">
      <![CDATA[java.lang.NullPointerException
at QA.DriverFactory.DriverFactory.initializeBrowser(DriverFactory.java:32)
at hooks.MyHooks.setup(MyHooks.java:23)
]]>
    </failure>
  </testcase> <!-- runScenario -->
  <testcase classname="io.cucumber.testng.AbstractTestNGCucumberTests" name="runScenario" time="0.857">
    <failure type="java.lang.NullPointerException">
      <![CDATA[java.lang.NullPointerException
at QA.DriverFactory.DriverFactory.initializeBrowser(DriverFactory.java:32)
at hooks.MyHooks.setup(MyHooks.java:23)
]]>
    </failure>
  </testcase> <!-- runScenario -->
  <testcase classname="io.cucumber.testng.AbstractTestNGCucumberTests" name="runScenario" time="0.854">
    <failure type="java.lang.NullPointerException">
      <![CDATA[java.lang.NullPointerException
at QA.DriverFactory.DriverFactory.initializeBrowser(DriverFactory.java:32)
at hooks.MyHooks.setup(MyHooks.java:23)
]]>
    </failure>
  </testcase> <!-- runScenario -->
  <testcase classname="io.cucumber.testng.AbstractTestNGCucumberTests" name="runScenario" time="0.822">
    <failure type="java.lang.NullPointerException">
      <![CDATA[java.lang.NullPointerException
at QA.DriverFactory.DriverFactory.initializeBrowser(DriverFactory.java:32)
at hooks.MyHooks.setup(MyHooks.java:23)
]]>
    </failure>
  </testcase> <!-- runScenario -->
  <testcase classname="io.cucumber.testng.AbstractTestNGCucumberTests" name="runScenario" time="0.875">
    <failure type="java.lang.NullPointerException">
      <![CDATA[java.lang.NullPointerException
at QA.DriverFactory.DriverFactory.initializeBrowser(DriverFactory.java:32)
at hooks.MyHooks.setup(MyHooks.java:23)
]]>
    </failure>
  </testcase> <!-- runScenario -->
</testsuite> <!-- ChromeBrowserTest -->
