<html>
<head>
<title>TestNG:  Test parallel</title>
<link href="../testng.css" rel="stylesheet" type="text/css" />
<link href="../my-testng.css" rel="stylesheet" type="text/css" />

<style type="text/css">
.log { display: none;} 
.stack-trace { display: none;} 
</style>
<script type="text/javascript">
<!--
function flip(e) {
  current = e.style.display;
  if (current == 'block') {
    e.style.display = 'none';
    return 0;
  }
  else {
    e.style.display = 'block';
    return 1;
  }
}

function toggleBox(szDivId, elem, msg1, msg2)
{
  var res = -1;  if (document.getElementById) {
    res = flip(document.getElementById(szDivId));
  }
  else if (document.all) {
    // this is the way old msie versions work
    res = flip(document.all[szDivId]);
  }
  if(elem) {
    if(res == 0) elem.innerHTML = msg1; else elem.innerHTML = msg2;
  }

}

function toggleAllBoxes() {
  if (document.getElementsByTagName) {
    d = document.getElementsByTagName('div');
    for (i = 0; i < d.length; i++) {
      if (d[i].className == 'log') {
        flip(d[i]);
      }
    }
  }
}

// -->
</script>

</head>
<body>
<h2 align='center'>Test parallel</h2><table border='1' align="center">
<tr>
<td>Tests passed/Failed/Skipped:</td><td>0/5/0</td>
</tr><tr>
<td>Started on:</td><td>Mon Nov 20 16:14:16 IST 2023</td>
</tr>
<tr><td>Total time:</td><td>37 seconds (37742 ms)</td>
</tr><tr>
<td>Included groups:</td><td></td>
</tr><tr>
<td>Excluded groups:</td><td></td>
</tr>
</table><p/>
<small><i>(Hover the method name to see the test class name)</i></small><p/>
<table width='100%' border='1' class='invocation-failed'>
<tr><td colspan='4' align='center'><b>FAILED TESTS</b></td></tr>
<tr><td><b>Test method</b></td>
<td width="30%"><b>Exception</b></td>
<td width="10%"><b>Time (seconds)</b></td>
<td><b>Instance</b></td>
</tr>
<tr>
<td title='testRunner.TestNgRunner.runScenario()'><b>runScenario</b><br>Test class: testRunner.TestNgRunner<br>Test method: Runs Cucumber Scenarios<br>Parameters: "Login with valid credentials", "Login functionality"</td>
<td><div><pre>java.lang.NullPointerException
	at utils.ElementUtils.clickOnElement(ElementUtils.java:27)
	at POM.HomePage.clickOnMyAccount(HomePage.java:41)
	at stepdefinitions.Login.user_navigates_to_login_page(Login.java:28)
	at ✽.User navigates to login page(file:///C:/Users/abhis/eclipse-workspace/CucumberHybridFramework/CucumberHybridProject/./Featurefiles/Login.feature:4)
</pre></div><a href='#' onClick='toggleBox("stack-trace1561003007", this, "Click to show all stack frames", "Click to hide stack frames")'>Click to show all stack frames</a>
<div class='stack-trace' id='stack-trace1561003007'><pre>java.lang.NullPointerException
	at utils.ElementUtils.clickOnElement(ElementUtils.java:27)
	at POM.HomePage.clickOnMyAccount(HomePage.java:41)
	at stepdefinitions.Login.user_navigates_to_login_page(Login.java:28)
	at ✽.User navigates to login page(file:///C:/Users/abhis/eclipse-workspace/CucumberHybridFramework/CucumberHybridProject/./Featurefiles/Login.feature:4)
</pre></div></td>
<td>11</td>
<td>testRunner.TestNgRunner@5890e879</td></tr>
<tr>
<td title='testRunner.TestNgRunner.runScenario()'><b>runScenario</b><br>Test class: testRunner.TestNgRunner<br>Test method: Runs Cucumber Scenarios<br>Parameters: "Login without providing any credentails", "Login functionality"</td>
<td><div><pre>java.lang.NullPointerException
	at utils.ElementUtils.clickOnElement(ElementUtils.java:27)
	at POM.HomePage.clickOnMyAccount(HomePage.java:41)
	at stepdefinitions.Login.user_navigates_to_login_page(Login.java:28)
	at ✽.User navigates to login page(file:///C:/Users/abhis/eclipse-workspace/CucumberHybridFramework/CucumberHybridProject/./Featurefiles/Login.feature:37)
</pre></div><a href='#' onClick='toggleBox("stack-trace478445376", this, "Click to show all stack frames", "Click to hide stack frames")'>Click to show all stack frames</a>
<div class='stack-trace' id='stack-trace478445376'><pre>java.lang.NullPointerException
	at utils.ElementUtils.clickOnElement(ElementUtils.java:27)
	at POM.HomePage.clickOnMyAccount(HomePage.java:41)
	at stepdefinitions.Login.user_navigates_to_login_page(Login.java:28)
	at ✽.User navigates to login page(file:///C:/Users/abhis/eclipse-workspace/CucumberHybridFramework/CucumberHybridProject/./Featurefiles/Login.feature:37)
</pre></div></td>
<td>11</td>
<td>testRunner.TestNgRunner@5890e879</td></tr>
<tr>
<td title='testRunner.TestNgRunner.runScenario()'><b>runScenario</b><br>Test class: testRunner.TestNgRunner<br>Test method: Runs Cucumber Scenarios<br>Parameters: "Login with invalid email and valid password", "Login functionality"</td>
<td><div><pre>java.lang.NullPointerException
	at utils.ElementUtils.clickOnElement(ElementUtils.java:27)
	at POM.HomePage.clickOnMyAccount(HomePage.java:41)
	at stepdefinitions.Login.user_navigates_to_login_page(Login.java:28)
	at ✽.User navigates to login page(file:///C:/Users/abhis/eclipse-workspace/CucumberHybridFramework/CucumberHybridProject/./Featurefiles/Login.feature:30)
</pre></div><a href='#' onClick='toggleBox("stack-trace1431664547", this, "Click to show all stack frames", "Click to hide stack frames")'>Click to show all stack frames</a>
<div class='stack-trace' id='stack-trace1431664547'><pre>java.lang.NullPointerException
	at utils.ElementUtils.clickOnElement(ElementUtils.java:27)
	at POM.HomePage.clickOnMyAccount(HomePage.java:41)
	at stepdefinitions.Login.user_navigates_to_login_page(Login.java:28)
	at ✽.User navigates to login page(file:///C:/Users/abhis/eclipse-workspace/CucumberHybridFramework/CucumberHybridProject/./Featurefiles/Login.feature:30)
</pre></div></td>
<td>11</td>
<td>testRunner.TestNgRunner@5890e879</td></tr>
<tr>
<td title='testRunner.TestNgRunner.runScenario()'><b>runScenario</b><br>Test class: testRunner.TestNgRunner<br>Test method: Runs Cucumber Scenarios<br>Parameters: "Login with valid email and invalid password", "Login functionality"</td>
<td><div><pre>java.lang.NullPointerException
	at utils.ElementUtils.clickOnElement(ElementUtils.java:27)
	at POM.HomePage.clickOnMyAccount(HomePage.java:41)
	at stepdefinitions.Login.user_navigates_to_login_page(Login.java:28)
	at ✽.User navigates to login page(file:///C:/Users/abhis/eclipse-workspace/CucumberHybridFramework/CucumberHybridProject/./Featurefiles/Login.feature:23)
</pre></div><a href='#' onClick='toggleBox("stack-trace198296440", this, "Click to show all stack frames", "Click to hide stack frames")'>Click to show all stack frames</a>
<div class='stack-trace' id='stack-trace198296440'><pre>java.lang.NullPointerException
	at utils.ElementUtils.clickOnElement(ElementUtils.java:27)
	at POM.HomePage.clickOnMyAccount(HomePage.java:41)
	at stepdefinitions.Login.user_navigates_to_login_page(Login.java:28)
	at ✽.User navigates to login page(file:///C:/Users/abhis/eclipse-workspace/CucumberHybridFramework/CucumberHybridProject/./Featurefiles/Login.feature:23)
</pre></div></td>
<td>11</td>
<td>testRunner.TestNgRunner@5890e879</td></tr>
<tr>
<td title='testRunner.TestNgRunner.runScenario()'><b>runScenario</b><br>Test class: testRunner.TestNgRunner<br>Test method: Runs Cucumber Scenarios<br>Parameters: "Login with invalid credentials", "Login functionality"</td>
<td><div><pre>org.openqa.selenium.NoSuchSessionException: invalid session id
Build info: version: &apos;4.10.0&apos;, revision: &apos;c14d967899&apos;
System info: os.name: &apos;Windows 10&apos;, os.arch: &apos;amd64&apos;, os.version: &apos;10.0&apos;, java.version: &apos;11.0.17&apos;
Driver info: org.openqa.selenium.chrome.ChromeDriver
Command: [1cdf221570448091633e80e3c379fb8d, findElement {using=xpath, value=//span[text()=&apos;My Account&apos;]}]
Capabilities {acceptInsecureCerts: false, browserName: chrome, browserVersion: 119.0.6045.160, chrome: {chromedriverVersion: 119.0.6045.105 (38c72552c5e..., userDataDir: C:\Users\abhis\AppData\Loca...}, fedcm:accounts: true, goog:chromeOptions: {debuggerAddress: localhost:53401}, networkConnectionEnabled: false, pageLoadStrategy: normal, platformName: windows, proxy: Proxy(), se:cdp: ws://localhost:53401/devtoo..., se:cdpVersion: 119.0.6045.160, setWindowRect: true, strictFileInteractability: false, timeouts: {implicit: 0, pageLoad: 300000, script: 30000}, unhandledPromptBehavior: dismiss and notify, webauthn:extension:credBlob: true, webauthn:extension:largeBlob: true, webauthn:extension:minPinLength: true, webauthn:extension:prf: true, webauthn:virtualAuthenticators: true}
Session ID: 1cdf221570448091633e80e3c379fb8d
	at org.openqa.selenium.remote.codec.w3c.W3CHttpResponseCodec.createException(W3CHttpResponseCodec.java:199)
	at org.openqa.selenium.remote.codec.w3c.W3CHttpResponseCodec.decode(W3CHttpResponseCodec.java:132)
	at org.openqa.selenium.remote.codec.w3c.W3CHttpResponseCodec.decode(W3CHttpResponseCodec.java:51)
	at org.openqa.selenium.remote.HttpCommandExecutor.execute(HttpCommandExecutor.java:191)
	at org.openqa.selenium.remote.service.DriverCommandExecutor.invokeExecute(DriverCommandExecutor.java:196)
	at org.openqa.selenium.remote.service.DriverCommandExecutor.execute(DriverCommandExecutor.java:171)
	at org.openqa.selenium.remote.RemoteWebDriver.execute(RemoteWebDriver.java:531)
	at org.openqa.selenium.remote.ElementLocation$ElementFinder$2.findElement(ElementLocation.java:165)
	at org.openqa.selenium.remote.ElementLocation.findElement(ElementLocation.java:59)
	at org.openqa.selenium.remote.RemoteWebDriver.findElement(RemoteWebDriver.java:350)
	at org.openqa.selenium.remote.RemoteWebDriver.findElement(RemoteWebDriver.java:344)
	at org.openqa.selenium.support.pagefactory.DefaultElementLocator.findElement(DefaultElementLocator.java:68)
	at org.openqa.selenium.support.pagefactory.internal.LocatingElementHandler.invoke(LocatingElementHandler.java:38)
	at com.sun.proxy.$Proxy31.click(Unknown Source)
	at utils.ElementUtils.clickOnElement(ElementUtils.java:27)
	at POM.HomePage.clickOnMyAccount(HomePage.java:41)
	at stepdefinitions.Login.user_navigates_to_login_page(Login.java:28)
	at ✽.User navigates to login page(file:///C:/Users/abhis/eclipse-workspace/CucumberHybridFramework/CucumberHybridProject/./Featurefiles/Login.feature:16)
... Removed 4 stack frames</pre></div><a href='#' onClick='toggleBox("stack-trace630364687", this, "Click to show all stack frames", "Click to hide stack frames")'>Click to show all stack frames</a>
<div class='stack-trace' id='stack-trace630364687'><pre>org.openqa.selenium.NoSuchSessionException: invalid session id
Build info: version: &apos;4.10.0&apos;, revision: &apos;c14d967899&apos;
System info: os.name: &apos;Windows 10&apos;, os.arch: &apos;amd64&apos;, os.version: &apos;10.0&apos;, java.version: &apos;11.0.17&apos;
Driver info: org.openqa.selenium.chrome.ChromeDriver
Command: [1cdf221570448091633e80e3c379fb8d, findElement {using=xpath, value=//span[text()=&apos;My Account&apos;]}]
Capabilities {acceptInsecureCerts: false, browserName: chrome, browserVersion: 119.0.6045.160, chrome: {chromedriverVersion: 119.0.6045.105 (38c72552c5e..., userDataDir: C:\Users\abhis\AppData\Loca...}, fedcm:accounts: true, goog:chromeOptions: {debuggerAddress: localhost:53401}, networkConnectionEnabled: false, pageLoadStrategy: normal, platformName: windows, proxy: Proxy(), se:cdp: ws://localhost:53401/devtoo..., se:cdpVersion: 119.0.6045.160, setWindowRect: true, strictFileInteractability: false, timeouts: {implicit: 0, pageLoad: 300000, script: 30000}, unhandledPromptBehavior: dismiss and notify, webauthn:extension:credBlob: true, webauthn:extension:largeBlob: true, webauthn:extension:minPinLength: true, webauthn:extension:prf: true, webauthn:virtualAuthenticators: true}
Session ID: 1cdf221570448091633e80e3c379fb8d
	at java.base/jdk.internal.reflect.NativeConstructorAccessorImpl.newInstance0(Native Method)
	at java.base/jdk.internal.reflect.NativeConstructorAccessorImpl.newInstance(NativeConstructorAccessorImpl.java:62)
	at java.base/jdk.internal.reflect.DelegatingConstructorAccessorImpl.newInstance(DelegatingConstructorAccessorImpl.java:45)
	at java.base/java.lang.reflect.Constructor.newInstance(Constructor.java:490)
	at org.openqa.selenium.remote.codec.w3c.W3CHttpResponseCodec.createException(W3CHttpResponseCodec.java:199)
	at org.openqa.selenium.remote.codec.w3c.W3CHttpResponseCodec.decode(W3CHttpResponseCodec.java:132)
	at org.openqa.selenium.remote.codec.w3c.W3CHttpResponseCodec.decode(W3CHttpResponseCodec.java:51)
	at org.openqa.selenium.remote.HttpCommandExecutor.execute(HttpCommandExecutor.java:191)
	at org.openqa.selenium.remote.service.DriverCommandExecutor.invokeExecute(DriverCommandExecutor.java:196)
	at org.openqa.selenium.remote.service.DriverCommandExecutor.execute(DriverCommandExecutor.java:171)
	at org.openqa.selenium.remote.RemoteWebDriver.execute(RemoteWebDriver.java:531)
	at org.openqa.selenium.remote.ElementLocation$ElementFinder$2.findElement(ElementLocation.java:165)
	at org.openqa.selenium.remote.ElementLocation.findElement(ElementLocation.java:59)
	at org.openqa.selenium.remote.RemoteWebDriver.findElement(RemoteWebDriver.java:350)
	at org.openqa.selenium.remote.RemoteWebDriver.findElement(RemoteWebDriver.java:344)
	at org.openqa.selenium.support.pagefactory.DefaultElementLocator.findElement(DefaultElementLocator.java:68)
	at org.openqa.selenium.support.pagefactory.internal.LocatingElementHandler.invoke(LocatingElementHandler.java:38)
	at com.sun.proxy.$Proxy31.click(Unknown Source)
	at utils.ElementUtils.clickOnElement(ElementUtils.java:27)
	at POM.HomePage.clickOnMyAccount(HomePage.java:41)
	at stepdefinitions.Login.user_navigates_to_login_page(Login.java:28)
	at ✽.User navigates to login page(file:///C:/Users/abhis/eclipse-workspace/CucumberHybridFramework/CucumberHybridProject/./Featurefiles/Login.feature:16)
</pre></div></td>
<td>11</td>
<td>testRunner.TestNgRunner@5890e879</td></tr>
</table><p>
</body>
</html>